2025-12-20 23:13:58.011 +07:00 [INF] User profile is available. Using 'C:\Users\ASUS\AppData\Local\ASP.NET\DataProtection-Keys' as key repository and Windows DPAPI to encrypt keys at rest.
2025-12-20 23:13:58.906 +07:00 [INF] Entity Framework Core 2.0.0-rtm-26452 initialized 'AppDbContext' using provider 'Microsoft.EntityFrameworkCore.SqlServer' with options: MigrationsAssembly=ShopMart.Data.EF 
2025-12-20 23:13:59.199 +07:00 [INF] Executed DbCommand (23ms) [Parameters=[], CommandType='"Text"', CommandTimeout='30']
SELECT CASE
    WHEN EXISTS (
        SELECT 1
        FROM [AppRoles] AS [a])
    THEN CAST(1 AS BIT) ELSE CAST(0 AS BIT)
END
2025-12-20 23:13:59.225 +07:00 [INF] Executed DbCommand (8ms) [Parameters=[], CommandType='"Text"', CommandTimeout='30']
SELECT CASE
    WHEN EXISTS (
        SELECT 1
        FROM [AppUsers] AS [a])
    THEN CAST(1 AS BIT) ELSE CAST(0 AS BIT)
END
2025-12-20 23:13:59.243 +07:00 [INF] Executed DbCommand (3ms) [Parameters=[], CommandType='"Text"', CommandTimeout='30']
SELECT COUNT(*)
FROM [Functions] AS [f]
2025-12-20 23:13:59.265 +07:00 [INF] Executed DbCommand (3ms) [Parameters=[], CommandType='"Text"', CommandTimeout='30']
SELECT COUNT(*)
FROM [Footers] AS [x]
WHERE [x].[Id] = 'DefaultFooterId'
2025-12-20 23:13:59.270 +07:00 [INF] Executed DbCommand (1ms) [Parameters=[], CommandType='"Text"', CommandTimeout='30']
SELECT COUNT(*)
FROM [Colors] AS [c]
2025-12-20 23:13:59.288 +07:00 [INF] Executed DbCommand (16ms) [Parameters=[], CommandType='"Text"', CommandTimeout='30']
SELECT COUNT(*)
FROM [AdvertistmentPages] AS [a]
2025-12-20 23:13:59.293 +07:00 [INF] Executed DbCommand (1ms) [Parameters=[], CommandType='"Text"', CommandTimeout='30']
SELECT COUNT(*)
FROM [Slides] AS [s]
2025-12-20 23:13:59.297 +07:00 [INF] Executed DbCommand (1ms) [Parameters=[], CommandType='"Text"', CommandTimeout='30']
SELECT COUNT(*)
FROM [Sizes] AS [s]
2025-12-20 23:13:59.305 +07:00 [INF] Executed DbCommand (5ms) [Parameters=[], CommandType='"Text"', CommandTimeout='30']
SELECT COUNT(*)
FROM [ProductCategories] AS [p]
2025-12-20 23:13:59.312 +07:00 [INF] Executed DbCommand (3ms) [Parameters=[], CommandType='"Text"', CommandTimeout='30']
SELECT CASE
    WHEN EXISTS (
        SELECT 1
        FROM [SystemConfigs] AS [x]
        WHERE [x].[Id] = N'HomeTitle')
    THEN CAST(1 AS BIT) ELSE CAST(0 AS BIT)
END
2025-12-20 23:13:59.315 +07:00 [INF] Executed DbCommand (2ms) [Parameters=[], CommandType='"Text"', CommandTimeout='30']
SELECT CASE
    WHEN EXISTS (
        SELECT 1
        FROM [SystemConfigs] AS [x]
        WHERE [x].[Id] = N'HomeMetaKeyword')
    THEN CAST(1 AS BIT) ELSE CAST(0 AS BIT)
END
2025-12-20 23:13:59.319 +07:00 [INF] Executed DbCommand (1ms) [Parameters=[], CommandType='"Text"', CommandTimeout='30']
SELECT CASE
    WHEN EXISTS (
        SELECT 1
        FROM [SystemConfigs] AS [x]
        WHERE [x].[Id] = N'HomeMetaDescription')
    THEN CAST(1 AS BIT) ELSE CAST(0 AS BIT)
END
2025-12-20 23:13:59.824 +07:00 [INF] Request starting HTTP/1.1 DEBUG http://localhost:59008/  0
2025-12-20 23:13:59.824 +07:00 [INF] Request starting HTTP/1.1 GET http://localhost:44336/  
2025-12-20 23:13:59.836 +07:00 [INF] Request finished in 13.8422ms 200 
2025-12-20 23:14:00.170 +07:00 [INF] Authorization failed for user: null.
2025-12-20 23:14:00.173 +07:00 [INF] Authorization failed for the request at filter 'Microsoft.AspNetCore.Mvc.Authorization.AuthorizeFilter'.
2025-12-20 23:14:00.177 +07:00 [INF] Executing ChallengeResult with authentication schemes ([]).
2025-12-20 23:14:00.182 +07:00 [INF] AuthenticationScheme: Identity.Application was challenged.
2025-12-20 23:14:00.185 +07:00 [INF] Executed action ShopMart.Controllers.HomeController.Index (ShopMart) in 20.9998ms
2025-12-20 23:14:00.188 +07:00 [INF] Request finished in 366.9862ms 302 
2025-12-20 23:14:00.194 +07:00 [INF] Request starting HTTP/1.1 GET http://localhost:44336/Account/Login?ReturnUrl=%2F  
2025-12-20 23:14:00.260 +07:00 [INF] Executing action method ShopMart.Controllers.AccountController.Login (ShopMart) with arguments (["/"]) - ModelState is "Valid"
2025-12-20 23:14:00.266 +07:00 [INF] AuthenticationScheme: Identity.External signed out.
2025-12-20 23:14:04.512 +07:00 [INF] Executed action ShopMart.Controllers.AccountController.Login (ShopMart) in 4290.08ms
2025-12-20 23:14:04.516 +07:00 [ERR] An unhandled exception has occurred while executing the request
Microsoft.AspNetCore.Mvc.Razor.Compilation.CompilationFailedException: One or more compilation failures occurred:
D:\Project\ShopMart\ShopMart\Views\Account\Login.cshtml(21,135): error CS1061: 'LoginViewModel' does not contain a definition for 'Email' and no extension method 'Email' accepting a first argument of type 'LoginViewModel' could be found (are you missing a using directive or an assembly reference?)
D:\Project\ShopMart\ShopMart\Views\Account\Login.cshtml(22,135): error CS1061: 'LoginViewModel' does not contain a definition for 'Email' and no extension method 'Email' accepting a first argument of type 'LoginViewModel' could be found (are you missing a using directive or an assembly reference?)
D:\Project\ShopMart\ShopMart\Views\Account\Login.cshtml(23,147): error CS1061: 'LoginViewModel' does not contain a definition for 'Email' and no extension method 'Email' accepting a first argument of type 'LoginViewModel' could be found (are you missing a using directive or an assembly reference?)
   at Microsoft.AspNetCore.Mvc.Razor.Internal.RazorViewCompiler.CompileAndEmit(RazorCodeDocument codeDocument, String generatedCode)
   at Microsoft.AspNetCore.Mvc.Razor.Internal.RazorViewCompiler.CompileAndEmit(String relativePath)
   at Microsoft.AspNetCore.Mvc.Razor.Internal.RazorViewCompiler.CreateCacheEntry(String normalizedPath)
--- End of stack trace from previous location where exception was thrown ---
   at System.Runtime.ExceptionServices.ExceptionDispatchInfo.Throw()
   at System.Runtime.CompilerServices.TaskAwaiter.HandleNonSuccessAndDebuggerNotification(Task task)
   at System.Runtime.CompilerServices.TaskAwaiter`1.GetResult()
   at Microsoft.AspNetCore.Mvc.Razor.Internal.DefaultRazorPageFactoryProvider.CreateFactory(String relativePath)
   at Microsoft.AspNetCore.Mvc.Razor.RazorViewEngine.CreateCacheResult(HashSet`1 expirationTokens, String relativePath, Boolean isMainPage)
   at Microsoft.AspNetCore.Mvc.Razor.RazorViewEngine.OnCacheMiss(ViewLocationExpanderContext expanderContext, ViewLocationCacheKey cacheKey)
   at Microsoft.AspNetCore.Mvc.Razor.RazorViewEngine.LocatePageFromViewLocations(ActionContext actionContext, String pageName, Boolean isMainPage)
   at Microsoft.AspNetCore.Mvc.Razor.RazorViewEngine.FindView(ActionContext context, String viewName, Boolean isMainPage)
   at Microsoft.AspNetCore.Mvc.ViewEngines.CompositeViewEngine.FindView(ActionContext context, String viewName, Boolean isMainPage)
   at Microsoft.AspNetCore.Mvc.ViewFeatures.Internal.ViewResultExecutor.FindView(ActionContext actionContext, ViewResult viewResult)
   at Microsoft.AspNetCore.Mvc.ViewResult.<ExecuteResultAsync>d__26.MoveNext()
--- End of stack trace from previous location where exception was thrown ---
   at System.Runtime.ExceptionServices.ExceptionDispatchInfo.Throw()
   at System.Runtime.CompilerServices.TaskAwaiter.HandleNonSuccessAndDebuggerNotification(Task task)
   at Microsoft.AspNetCore.Mvc.Internal.ResourceInvoker.<InvokeResultAsync>d__19.MoveNext()
--- End of stack trace from previous location where exception was thrown ---
   at System.Runtime.ExceptionServices.ExceptionDispatchInfo.Throw()
   at System.Runtime.CompilerServices.TaskAwaiter.HandleNonSuccessAndDebuggerNotification(Task task)
   at Microsoft.AspNetCore.Mvc.Internal.ResourceInvoker.<InvokeNextResultFilterAsync>d__24.MoveNext()
--- End of stack trace from previous location where exception was thrown ---
   at System.Runtime.ExceptionServices.ExceptionDispatchInfo.Throw()
   at Microsoft.AspNetCore.Mvc.Internal.ResourceInvoker.Rethrow(ResultExecutedContext context)
   at Microsoft.AspNetCore.Mvc.Internal.ResourceInvoker.Next(State& next, Scope& scope, Object& state, Boolean& isCompleted)
   at Microsoft.AspNetCore.Mvc.Internal.ResourceInvoker.<InvokeNextResourceFilter>d__22.MoveNext()
--- End of stack trace from previous location where exception was thrown ---
   at System.Runtime.ExceptionServices.ExceptionDispatchInfo.Throw()
   at Microsoft.AspNetCore.Mvc.Internal.ResourceInvoker.Rethrow(ResourceExecutedContext context)
   at Microsoft.AspNetCore.Mvc.Internal.ResourceInvoker.Next(State& next, Scope& scope, Object& state, Boolean& isCompleted)
   at Microsoft.AspNetCore.Mvc.Internal.ResourceInvoker.<InvokeFilterPipelineAsync>d__17.MoveNext()
--- End of stack trace from previous location where exception was thrown ---
   at System.Runtime.ExceptionServices.ExceptionDispatchInfo.Throw()
   at System.Runtime.CompilerServices.TaskAwaiter.HandleNonSuccessAndDebuggerNotification(Task task)
   at Microsoft.AspNetCore.Mvc.Internal.ResourceInvoker.<InvokeAsync>d__15.MoveNext()
--- End of stack trace from previous location where exception was thrown ---
   at System.Runtime.ExceptionServices.ExceptionDispatchInfo.Throw()
   at System.Runtime.CompilerServices.TaskAwaiter.HandleNonSuccessAndDebuggerNotification(Task task)
   at Microsoft.AspNetCore.Builder.RouterMiddleware.<Invoke>d__4.MoveNext()
--- End of stack trace from previous location where exception was thrown ---
   at System.Runtime.ExceptionServices.ExceptionDispatchInfo.Throw()
   at System.Runtime.CompilerServices.TaskAwaiter.HandleNonSuccessAndDebuggerNotification(Task task)
   at Microsoft.AspNetCore.Authentication.AuthenticationMiddleware.<Invoke>d__6.MoveNext()
--- End of stack trace from previous location where exception was thrown ---
   at System.Runtime.ExceptionServices.ExceptionDispatchInfo.Throw()
   at System.Runtime.CompilerServices.TaskAwaiter.HandleNonSuccessAndDebuggerNotification(Task task)
   at Microsoft.AspNetCore.Diagnostics.EntityFrameworkCore.MigrationsEndPointMiddleware.<Invoke>d__4.MoveNext()
--- End of stack trace from previous location where exception was thrown ---
   at System.Runtime.ExceptionServices.ExceptionDispatchInfo.Throw()
   at System.Runtime.CompilerServices.TaskAwaiter.HandleNonSuccessAndDebuggerNotification(Task task)
   at Microsoft.AspNetCore.Diagnostics.EntityFrameworkCore.DatabaseErrorPageMiddleware.<Invoke>d__6.MoveNext()
--- End of stack trace from previous location where exception was thrown ---
   at System.Runtime.ExceptionServices.ExceptionDispatchInfo.Throw()
   at Microsoft.AspNetCore.Diagnostics.EntityFrameworkCore.DatabaseErrorPageMiddleware.<Invoke>d__6.MoveNext()
--- End of stack trace from previous location where exception was thrown ---
   at System.Runtime.ExceptionServices.ExceptionDispatchInfo.Throw()
   at System.Runtime.CompilerServices.TaskAwaiter.HandleNonSuccessAndDebuggerNotification(Task task)
   at Microsoft.AspNetCore.Diagnostics.DeveloperExceptionPageMiddleware.<Invoke>d__7.MoveNext()
2025-12-20 23:14:04.649 +07:00 [INF] Request finished in 4455.2459ms 500 text/html; charset=utf-8
2025-12-20 23:14:15.424 +07:00 [INF] User profile is available. Using 'C:\Users\ASUS\AppData\Local\ASP.NET\DataProtection-Keys' as key repository and Windows DPAPI to encrypt keys at rest.
2025-12-20 23:14:16.211 +07:00 [INF] Entity Framework Core 2.0.0-rtm-26452 initialized 'AppDbContext' using provider 'Microsoft.EntityFrameworkCore.SqlServer' with options: MigrationsAssembly=ShopMart.Data.EF 
2025-12-20 23:14:16.457 +07:00 [INF] Executed DbCommand (7ms) [Parameters=[], CommandType='"Text"', CommandTimeout='30']
SELECT CASE
    WHEN EXISTS (
        SELECT 1
        FROM [AppRoles] AS [a])
    THEN CAST(1 AS BIT) ELSE CAST(0 AS BIT)
END
2025-12-20 23:14:16.476 +07:00 [INF] Executed DbCommand (2ms) [Parameters=[], CommandType='"Text"', CommandTimeout='30']
SELECT CASE
    WHEN EXISTS (
        SELECT 1
        FROM [AppUsers] AS [a])
    THEN CAST(1 AS BIT) ELSE CAST(0 AS BIT)
END
2025-12-20 23:14:16.486 +07:00 [INF] Executed DbCommand (0ms) [Parameters=[], CommandType='"Text"', CommandTimeout='30']
SELECT COUNT(*)
FROM [Functions] AS [f]
2025-12-20 23:14:16.502 +07:00 [INF] Executed DbCommand (0ms) [Parameters=[], CommandType='"Text"', CommandTimeout='30']
SELECT COUNT(*)
FROM [Footers] AS [x]
WHERE [x].[Id] = 'DefaultFooterId'
2025-12-20 23:14:16.505 +07:00 [INF] Executed DbCommand (0ms) [Parameters=[], CommandType='"Text"', CommandTimeout='30']
SELECT COUNT(*)
FROM [Colors] AS [c]
2025-12-20 23:14:16.508 +07:00 [INF] Executed DbCommand (0ms) [Parameters=[], CommandType='"Text"', CommandTimeout='30']
SELECT COUNT(*)
FROM [AdvertistmentPages] AS [a]
2025-12-20 23:14:16.510 +07:00 [INF] Executed DbCommand (0ms) [Parameters=[], CommandType='"Text"', CommandTimeout='30']
SELECT COUNT(*)
FROM [Slides] AS [s]
2025-12-20 23:14:16.513 +07:00 [INF] Executed DbCommand (0ms) [Parameters=[], CommandType='"Text"', CommandTimeout='30']
SELECT COUNT(*)
FROM [Sizes] AS [s]
2025-12-20 23:14:16.515 +07:00 [INF] Executed DbCommand (0ms) [Parameters=[], CommandType='"Text"', CommandTimeout='30']
SELECT COUNT(*)
FROM [ProductCategories] AS [p]
2025-12-20 23:14:16.519 +07:00 [INF] Executed DbCommand (0ms) [Parameters=[], CommandType='"Text"', CommandTimeout='30']
SELECT CASE
    WHEN EXISTS (
        SELECT 1
        FROM [SystemConfigs] AS [x]
        WHERE [x].[Id] = N'HomeTitle')
    THEN CAST(1 AS BIT) ELSE CAST(0 AS BIT)
END
2025-12-20 23:14:16.521 +07:00 [INF] Executed DbCommand (0ms) [Parameters=[], CommandType='"Text"', CommandTimeout='30']
SELECT CASE
    WHEN EXISTS (
        SELECT 1
        FROM [SystemConfigs] AS [x]
        WHERE [x].[Id] = N'HomeMetaKeyword')
    THEN CAST(1 AS BIT) ELSE CAST(0 AS BIT)
END
2025-12-20 23:14:16.525 +07:00 [INF] Executed DbCommand (0ms) [Parameters=[], CommandType='"Text"', CommandTimeout='30']
SELECT CASE
    WHEN EXISTS (
        SELECT 1
        FROM [SystemConfigs] AS [x]
        WHERE [x].[Id] = N'HomeMetaDescription')
    THEN CAST(1 AS BIT) ELSE CAST(0 AS BIT)
END
2025-12-20 23:14:16.882 +07:00 [INF] Request starting HTTP/1.1 GET http://localhost:44336/  
2025-12-20 23:14:16.882 +07:00 [INF] Request starting HTTP/1.1 DEBUG http://localhost:59008/  0
2025-12-20 23:14:16.894 +07:00 [INF] Request finished in 14.6438ms 200 
2025-12-20 23:14:17.086 +07:00 [INF] Authorization failed for user: null.
2025-12-20 23:14:17.089 +07:00 [INF] Authorization failed for the request at filter 'Microsoft.AspNetCore.Mvc.Authorization.AuthorizeFilter'.
2025-12-20 23:14:17.092 +07:00 [INF] Executing ChallengeResult with authentication schemes ([]).
2025-12-20 23:14:17.096 +07:00 [INF] AuthenticationScheme: Identity.Application was challenged.
2025-12-20 23:14:17.098 +07:00 [INF] Executed action ShopMart.Controllers.HomeController.Index (ShopMart) in 15.510800000000001ms
2025-12-20 23:14:17.101 +07:00 [INF] Request finished in 222.6082ms 302 
2025-12-20 23:14:17.107 +07:00 [INF] Request starting HTTP/1.1 GET http://localhost:44336/Account/Login?ReturnUrl=%2F  
2025-12-20 23:14:17.162 +07:00 [INF] Executing action method ShopMart.Controllers.AccountController.Login (ShopMart) with arguments (["/"]) - ModelState is "Valid"
2025-12-20 23:14:17.166 +07:00 [INF] AuthenticationScheme: Identity.External signed out.
2025-12-20 23:14:19.274 +07:00 [INF] Request starting HTTP/1.1 GET http://localhost:44336/admin/login  
2025-12-20 23:14:19.292 +07:00 [INF] Executing action method ShopMart.Areas.Admin.Controllers.LoginController.Index (ShopMart) with arguments (null) - ModelState is "Valid"
2025-12-20 23:14:19.991 +07:00 [INF] Executed action ShopMart.Controllers.AccountController.Login (ShopMart) in 2857.3882000000003ms
2025-12-20 23:14:19.995 +07:00 [ERR] An unhandled exception has occurred while executing the request
Microsoft.AspNetCore.Mvc.Razor.Compilation.CompilationFailedException: One or more compilation failures occurred:
4eewaqb3.3wc(604,143): error CS1031: Type expected
4eewaqb3.3wc(604,339): error CS1031: Type expected
4eewaqb3.3wc(604,535): error CS1031: Type expected
4eewaqb3.3wc(604,191): error CS1061: 'LoginViewModel' does not contain a definition for 'Email' and no extension method 'Email' accepting a first argument of type 'LoginViewModel' could be found (are you missing a using directive or an assembly reference?)
4eewaqb3.3wc(604,387): error CS1061: 'LoginViewModel' does not contain a definition for 'Email' and no extension method 'Email' accepting a first argument of type 'LoginViewModel' could be found (are you missing a using directive or an assembly reference?)
4eewaqb3.3wc(604,583): error CS1061: 'LoginViewModel' does not contain a definition for 'Email' and no extension method 'Email' accepting a first argument of type 'LoginViewModel' could be found (are you missing a using directive or an assembly reference?)
   at Microsoft.AspNetCore.Mvc.Razor.Internal.RazorViewCompiler.CompileAndEmit(RazorCodeDocument codeDocument, String generatedCode)
   at Microsoft.AspNetCore.Mvc.Razor.Internal.RazorViewCompiler.CompileAndEmit(String relativePath)
   at Microsoft.AspNetCore.Mvc.Razor.Internal.RazorViewCompiler.CreateCacheEntry(String normalizedPath)
--- End of stack trace from previous location where exception was thrown ---
   at System.Runtime.ExceptionServices.ExceptionDispatchInfo.Throw()
   at System.Runtime.CompilerServices.TaskAwaiter.HandleNonSuccessAndDebuggerNotification(Task task)
   at System.Runtime.CompilerServices.TaskAwaiter`1.GetResult()
   at Microsoft.AspNetCore.Mvc.Razor.Internal.DefaultRazorPageFactoryProvider.CreateFactory(String relativePath)
   at Microsoft.AspNetCore.Mvc.Razor.RazorViewEngine.CreateCacheResult(HashSet`1 expirationTokens, String relativePath, Boolean isMainPage)
   at Microsoft.AspNetCore.Mvc.Razor.RazorViewEngine.OnCacheMiss(ViewLocationExpanderContext expanderContext, ViewLocationCacheKey cacheKey)
   at Microsoft.AspNetCore.Mvc.Razor.RazorViewEngine.LocatePageFromViewLocations(ActionContext actionContext, String pageName, Boolean isMainPage)
   at Microsoft.AspNetCore.Mvc.Razor.RazorViewEngine.FindView(ActionContext context, String viewName, Boolean isMainPage)
   at Microsoft.AspNetCore.Mvc.ViewEngines.CompositeViewEngine.FindView(ActionContext context, String viewName, Boolean isMainPage)
   at Microsoft.AspNetCore.Mvc.ViewFeatures.Internal.ViewResultExecutor.FindView(ActionContext actionContext, ViewResult viewResult)
   at Microsoft.AspNetCore.Mvc.ViewResult.<ExecuteResultAsync>d__26.MoveNext()
--- End of stack trace from previous location where exception was thrown ---
   at System.Runtime.ExceptionServices.ExceptionDispatchInfo.Throw()
   at System.Runtime.CompilerServices.TaskAwaiter.HandleNonSuccessAndDebuggerNotification(Task task)
   at Microsoft.AspNetCore.Mvc.Internal.ResourceInvoker.<InvokeResultAsync>d__19.MoveNext()
--- End of stack trace from previous location where exception was thrown ---
   at System.Runtime.ExceptionServices.ExceptionDispatchInfo.Throw()
   at System.Runtime.CompilerServices.TaskAwaiter.HandleNonSuccessAndDebuggerNotification(Task task)
   at Microsoft.AspNetCore.Mvc.Internal.ResourceInvoker.<InvokeNextResultFilterAsync>d__24.MoveNext()
--- End of stack trace from previous location where exception was thrown ---
   at System.Runtime.ExceptionServices.ExceptionDispatchInfo.Throw()
   at Microsoft.AspNetCore.Mvc.Internal.ResourceInvoker.Rethrow(ResultExecutedContext context)
   at Microsoft.AspNetCore.Mvc.Internal.ResourceInvoker.Next(State& next, Scope& scope, Object& state, Boolean& isCompleted)
   at Microsoft.AspNetCore.Mvc.Internal.ResourceInvoker.<InvokeNextResourceFilter>d__22.MoveNext()
--- End of stack trace from previous location where exception was thrown ---
   at System.Runtime.ExceptionServices.ExceptionDispatchInfo.Throw()
   at Microsoft.AspNetCore.Mvc.Internal.ResourceInvoker.Rethrow(ResourceExecutedContext context)
   at Microsoft.AspNetCore.Mvc.Internal.ResourceInvoker.Next(State& next, Scope& scope, Object& state, Boolean& isCompleted)
   at Microsoft.AspNetCore.Mvc.Internal.ResourceInvoker.<InvokeFilterPipelineAsync>d__17.MoveNext()
--- End of stack trace from previous location where exception was thrown ---
   at System.Runtime.ExceptionServices.ExceptionDispatchInfo.Throw()
   at System.Runtime.CompilerServices.TaskAwaiter.HandleNonSuccessAndDebuggerNotification(Task task)
   at Microsoft.AspNetCore.Mvc.Internal.ResourceInvoker.<InvokeAsync>d__15.MoveNext()
--- End of stack trace from previous location where exception was thrown ---
   at System.Runtime.ExceptionServices.ExceptionDispatchInfo.Throw()
   at System.Runtime.CompilerServices.TaskAwaiter.HandleNonSuccessAndDebuggerNotification(Task task)
   at Microsoft.AspNetCore.Builder.RouterMiddleware.<Invoke>d__4.MoveNext()
--- End of stack trace from previous location where exception was thrown ---
   at System.Runtime.ExceptionServices.ExceptionDispatchInfo.Throw()
   at System.Runtime.CompilerServices.TaskAwaiter.HandleNonSuccessAndDebuggerNotification(Task task)
   at Microsoft.AspNetCore.Authentication.AuthenticationMiddleware.<Invoke>d__6.MoveNext()
--- End of stack trace from previous location where exception was thrown ---
   at System.Runtime.ExceptionServices.ExceptionDispatchInfo.Throw()
   at System.Runtime.CompilerServices.TaskAwaiter.HandleNonSuccessAndDebuggerNotification(Task task)
   at Microsoft.AspNetCore.Diagnostics.EntityFrameworkCore.MigrationsEndPointMiddleware.<Invoke>d__4.MoveNext()
--- End of stack trace from previous location where exception was thrown ---
   at System.Runtime.ExceptionServices.ExceptionDispatchInfo.Throw()
   at System.Runtime.CompilerServices.TaskAwaiter.HandleNonSuccessAndDebuggerNotification(Task task)
   at Microsoft.AspNetCore.Diagnostics.EntityFrameworkCore.DatabaseErrorPageMiddleware.<Invoke>d__6.MoveNext()
--- End of stack trace from previous location where exception was thrown ---
   at System.Runtime.ExceptionServices.ExceptionDispatchInfo.Throw()
   at Microsoft.AspNetCore.Diagnostics.EntityFrameworkCore.DatabaseErrorPageMiddleware.<Invoke>d__6.MoveNext()
--- End of stack trace from previous location where exception was thrown ---
   at System.Runtime.ExceptionServices.ExceptionDispatchInfo.Throw()
   at System.Runtime.CompilerServices.TaskAwaiter.HandleNonSuccessAndDebuggerNotification(Task task)
   at Microsoft.AspNetCore.Diagnostics.DeveloperExceptionPageMiddleware.<Invoke>d__7.MoveNext()
2025-12-20 23:14:20.137 +07:00 [INF] Request finished in 3029.4174ms 500 text/html; charset=utf-8
2025-12-20 23:14:21.169 +07:00 [INF] Executing ViewResult, running view at path /Areas/Admin/Views/Login/Index.cshtml.
2025-12-20 23:14:21.295 +07:00 [INF] Executed action ShopMart.Areas.Admin.Controllers.LoginController.Index (ShopMart) in 2014.1676ms
2025-12-20 23:14:21.323 +07:00 [INF] Request finished in 2048.4844ms 200 text/html; charset=utf-8
2025-12-20 23:14:21.370 +07:00 [INF] Request starting HTTP/1.1 GET http://localhost:44336/lib/animate.css/animate.css  
2025-12-20 23:14:21.370 +07:00 [INF] Request starting HTTP/1.1 GET http://localhost:44336/app/controllers/login/index.js  
2025-12-20 23:14:21.371 +07:00 [INF] Request starting HTTP/1.1 GET http://localhost:44336/lib/notifyjs/dist/styles/metro/notify-metro.js  
2025-12-20 23:14:21.372 +07:00 [INF] Request starting HTTP/1.1 GET http://localhost:44336/lib/nprogress/nprogress.css  
2025-12-20 23:14:21.372 +07:00 [INF] Request starting HTTP/1.1 GET http://localhost:44336/admin-side/css/custom.css  
2025-12-20 23:14:21.380 +07:00 [INF] The file /lib/notifyjs/dist/styles/metro/notify-metro.js was not modified
2025-12-20 23:14:21.380 +07:00 [INF] The file /admin-side/css/custom.css was not modified
2025-12-20 23:14:21.380 +07:00 [INF] The file /app/controllers/login/index.js was not modified
2025-12-20 23:14:21.380 +07:00 [INF] The file /lib/animate.css/animate.css was not modified
2025-12-20 23:14:21.380 +07:00 [INF] The file /lib/nprogress/nprogress.css was not modified
2025-12-20 23:14:21.381 +07:00 [INF] Request starting HTTP/1.1 GET http://localhost:44336/lib/bootstrap/dist/css/bootstrap.css  
2025-12-20 23:14:21.381 +07:00 [INF] Request starting HTTP/1.1 GET http://localhost:44336/app/shared/shopmart.js  
2025-12-20 23:14:21.382 +07:00 [INF] The file /app/shared/shopmart.js was not modified
2025-12-20 23:14:21.385 +07:00 [INF] Request finished in 14.4322ms 304 text/css
2025-12-20 23:14:21.383 +07:00 [INF] Request finished in 12.1ms 304 application/javascript
2025-12-20 23:14:21.384 +07:00 [INF] Request finished in 13.9864ms 304 application/javascript
2025-12-20 23:14:21.411 +07:00 [INF] Request finished in 29.2897ms 304 application/javascript
2025-12-20 23:14:21.411 +07:00 [INF] Request starting HTTP/1.1 GET http://localhost:44336/lib/font-awesome/css/font-awesome.css  
2025-12-20 23:14:21.411 +07:00 [INF] The file /lib/font-awesome/css/font-awesome.css was not modified
2025-12-20 23:14:21.411 +07:00 [INF] Request starting HTTP/1.1 GET http://localhost:44336/lib/jquery/dist/jquery.js  
2025-12-20 23:14:21.414 +07:00 [INF] Request finished in 0.6174ms 304 text/css
2025-12-20 23:14:21.418 +07:00 [INF] The file /lib/jquery/dist/jquery.js was not modified
2025-12-20 23:14:21.382 +07:00 [INF] The file /lib/bootstrap/dist/css/bootstrap.css was not modified
2025-12-20 23:14:21.382 +07:00 [INF] Request finished in 10.8312ms 304 text/css
2025-12-20 23:14:21.418 +07:00 [INF] Request finished in 36.8638ms 304 text/css
2025-12-20 23:14:21.419 +07:00 [INF] Request finished in 7.119ms 304 application/javascript
2025-12-20 23:14:21.382 +07:00 [INF] Request finished in 10.7716ms 304 text/css
2025-12-20 23:14:21.588 +07:00 [INF] Request starting HTTP/1.1 GET http://localhost:44336/lib/notifyjs/dist/styles/metro/notify-metro.css  
2025-12-20 23:14:21.588 +07:00 [INF] Request starting HTTP/1.1 GET http://localhost:44336/lib/notifyjs/dist/notify.js  
2025-12-20 23:14:21.592 +07:00 [INF] The file /lib/notifyjs/dist/styles/metro/notify-metro.css was not modified
2025-12-20 23:14:21.592 +07:00 [INF] The file /lib/notifyjs/dist/notify.js was not modified
2025-12-20 23:14:21.592 +07:00 [INF] Request finished in 4.2832ms 304 text/css
2025-12-20 23:14:21.592 +07:00 [INF] Request finished in 4.3929ms 304 application/javascript
2025-12-20 23:14:21.662 +07:00 [INF] Request starting HTTP/1.1 GET http://localhost:44336/lib/font-awesome/fonts/fontawesome-webfont.woff2?v=4.7.0  
2025-12-20 23:14:21.663 +07:00 [INF] The file /lib/font-awesome/fonts/fontawesome-webfont.woff2 was not modified
2025-12-20 23:14:21.663 +07:00 [INF] Request finished in 2.5474ms 304 font/woff2
2025-12-20 23:14:24.125 +07:00 [INF] Request starting HTTP/1.1 POST http://localhost:44336/admin/login/authen application/x-www-form-urlencoded; charset=UTF-8 33
2025-12-20 23:14:24.188 +07:00 [INF] Executing action method ShopMart.Areas.Admin.Controllers.LoginController.Authen (ShopMart) with arguments (["ShopMart.Models.AccountViewModels.LoginViewModel"]) - ModelState is "Valid"
2025-12-20 23:14:33.952 +07:00 [INF] Request starting HTTP/1.1 POST http://localhost:44336/admin/login/authen application/x-www-form-urlencoded; charset=UTF-8 33
2025-12-20 23:14:33.953 +07:00 [INF] Executing action method ShopMart.Areas.Admin.Controllers.LoginController.Authen (ShopMart) with arguments (["ShopMart.Models.AccountViewModels.LoginViewModel"]) - ModelState is "Valid"
2025-12-20 23:14:38.143 +07:00 [INF] Entity Framework Core 2.0.0-rtm-26452 initialized 'AppDbContext' using provider 'Microsoft.EntityFrameworkCore.SqlServer' with options: MigrationsAssembly=ShopMart.Data.EF 
2025-12-20 23:14:38.143 +07:00 [INF] Entity Framework Core 2.0.0-rtm-26452 initialized 'AppDbContext' using provider 'Microsoft.EntityFrameworkCore.SqlServer' with options: MigrationsAssembly=ShopMart.Data.EF 
2025-12-20 23:14:38.272 +07:00 [INF] Executed DbCommand (52ms) [Parameters=[@__normalizedUserName_0='?' (Size = 4000)], CommandType='"Text"', CommandTimeout='30']
SELECT TOP(1) [u].[Id], [u].[AccessFailedCount], [u].[Avatar], [u].[Balance], [u].[BirthDay], [u].[ConcurrencyStamp], [u].[DateCreated], [u].[DateModified], [u].[Email], [u].[EmailConfirmed], [u].[FullName], [u].[LockoutEnabled], [u].[LockoutEnd], [u].[NormalizedEmail], [u].[NormalizedUserName], [u].[PasswordHash], [u].[PhoneNumber], [u].[PhoneNumberConfirmed], [u].[SecurityStamp], [u].[Status], [u].[TwoFactorEnabled], [u].[UserName]
FROM [AppUsers] AS [u]
WHERE [u].[NormalizedUserName] = @__normalizedUserName_0
2025-12-20 23:14:38.271 +07:00 [INF] Executed DbCommand (43ms) [Parameters=[@__normalizedUserName_0='?' (Size = 4000)], CommandType='"Text"', CommandTimeout='30']
SELECT TOP(1) [u].[Id], [u].[AccessFailedCount], [u].[Avatar], [u].[Balance], [u].[BirthDay], [u].[ConcurrencyStamp], [u].[DateCreated], [u].[DateModified], [u].[Email], [u].[EmailConfirmed], [u].[FullName], [u].[LockoutEnabled], [u].[LockoutEnd], [u].[NormalizedEmail], [u].[NormalizedUserName], [u].[PasswordHash], [u].[PhoneNumber], [u].[PhoneNumberConfirmed], [u].[SecurityStamp], [u].[Status], [u].[TwoFactorEnabled], [u].[UserName]
FROM [AppUsers] AS [u]
WHERE [u].[NormalizedUserName] = @__normalizedUserName_0
2025-12-20 23:14:38.383 +07:00 [INF] Executed DbCommand (3ms) [Parameters=[@__user_Id_0='?'], CommandType='"Text"', CommandTimeout='30']
SELECT [uc].[Id], [uc].[ClaimType], [uc].[ClaimValue], [uc].[UserId]
FROM [AppUserClaims] AS [uc]
WHERE [uc].[UserId] = @__user_Id_0
2025-12-20 23:14:38.383 +07:00 [INF] Executed DbCommand (3ms) [Parameters=[@__user_Id_0='?'], CommandType='"Text"', CommandTimeout='30']
SELECT [uc].[Id], [uc].[ClaimType], [uc].[ClaimValue], [uc].[UserId]
FROM [AppUserClaims] AS [uc]
WHERE [uc].[UserId] = @__user_Id_0
2025-12-20 23:14:38.428 +07:00 [INF] Executed DbCommand (4ms) [Parameters=[@__userId_0='?'], CommandType='"Text"', CommandTimeout='30']
SELECT [role].[Name]
FROM [AppUserRoles] AS [userRole]
INNER JOIN [AppRoles] AS [role] ON [userRole].[RoleId] = [role].[Id]
WHERE [userRole].[UserId] = @__userId_0
2025-12-20 23:14:38.428 +07:00 [INF] Executed DbCommand (4ms) [Parameters=[@__userId_0='?'], CommandType='"Text"', CommandTimeout='30']
SELECT [role].[Name]
FROM [AppUserRoles] AS [userRole]
INNER JOIN [AppRoles] AS [role] ON [userRole].[RoleId] = [role].[Id]
WHERE [userRole].[UserId] = @__userId_0
2025-12-20 23:14:38.442 +07:00 [INF] Executed DbCommand (1ms) [Parameters=[@__normalizedName_0='?' (Size = 4000)], CommandType='"Text"', CommandTimeout='30']
SELECT TOP(1) [r].[Id], [r].[ConcurrencyStamp], [r].[Description], [r].[Name], [r].[NormalizedName]
FROM [AppRoles] AS [r]
WHERE [r].[NormalizedName] = @__normalizedName_0
2025-12-20 23:14:38.442 +07:00 [INF] Executed DbCommand (2ms) [Parameters=[@__normalizedName_0='?' (Size = 4000)], CommandType='"Text"', CommandTimeout='30']
SELECT TOP(1) [r].[Id], [r].[ConcurrencyStamp], [r].[Description], [r].[Name], [r].[NormalizedName]
FROM [AppRoles] AS [r]
WHERE [r].[NormalizedName] = @__normalizedName_0
2025-12-20 23:14:38.464 +07:00 [INF] Executed DbCommand (2ms) [Parameters=[@__role_Id_0='?'], CommandType='"Text"', CommandTimeout='30']
SELECT [rc].[ClaimType], [rc].[ClaimValue]
FROM [AppRoleClaims] AS [rc]
WHERE [rc].[RoleId] = @__role_Id_0
2025-12-20 23:14:38.464 +07:00 [INF] Executed DbCommand (2ms) [Parameters=[@__role_Id_0='?'], CommandType='"Text"', CommandTimeout='30']
SELECT [rc].[ClaimType], [rc].[ClaimValue]
FROM [AppRoleClaims] AS [rc]
WHERE [rc].[RoleId] = @__role_Id_0
2025-12-20 23:14:38.468 +07:00 [INF] AuthenticationScheme: Identity.Application signed in.
2025-12-20 23:14:38.468 +07:00 [INF] AuthenticationScheme: Identity.Application signed in.
2025-12-20 23:14:38.468 +07:00 [INF] User logged in.
2025-12-20 23:14:38.468 +07:00 [INF] User logged in.
2025-12-20 23:14:38.472 +07:00 [INF] Executing ObjectResult, writing value Microsoft.AspNetCore.Mvc.ControllerContext.
2025-12-20 23:14:38.472 +07:00 [INF] Executing ObjectResult, writing value Microsoft.AspNetCore.Mvc.ControllerContext.
2025-12-20 23:14:38.517 +07:00 [INF] Executed action ShopMart.Areas.Admin.Controllers.LoginController.Authen (ShopMart) in 14367.349100000001ms
2025-12-20 23:14:38.517 +07:00 [INF] Executed action ShopMart.Areas.Admin.Controllers.LoginController.Authen (ShopMart) in 4565.2911ms
2025-12-20 23:14:38.518 +07:00 [INF] Request finished in 14392.5469ms 200 application/json; charset=utf-8
2025-12-20 23:14:38.518 +07:00 [INF] Request finished in 4566.2608ms 200 application/json; charset=utf-8
2025-12-20 23:14:38.597 +07:00 [INF] Request starting HTTP/1.1 GET http://localhost:44336/Admin/Home/Index  
2025-12-20 23:14:38.597 +07:00 [INF] Request starting HTTP/1.1 GET http://localhost:44336/Admin/Home/Index  
2025-12-20 23:14:38.658 +07:00 [INF] AuthenticationScheme: Identity.Application was successfully authenticated.
2025-12-20 23:14:38.658 +07:00 [INF] AuthenticationScheme: Identity.Application was successfully authenticated.
2025-12-20 23:14:38.660 +07:00 [INF] Executing action method ShopMart.Areas.Admin.Controllers.HomeController.Index (ShopMart) with arguments (null) - ModelState is "Valid"
2025-12-20 23:14:38.660 +07:00 [INF] Executing action method ShopMart.Areas.Admin.Controllers.HomeController.Index (ShopMart) with arguments (null) - ModelState is "Valid"
2025-12-20 23:14:38.976 +07:00 [INF] Executing ViewResult, running view at path /Areas/Admin/Views/Home/Index.cshtml.
2025-12-20 23:14:38.976 +07:00 [INF] Executing ViewResult, running view at path /Areas/Admin/Views/Home/Index.cshtml.
2025-12-20 23:14:39.358 +07:00 [INF] Executed action ShopMart.Areas.Admin.Controllers.HomeController.Index (ShopMart) in 697.5379ms
2025-12-20 23:14:39.358 +07:00 [INF] Executed action ShopMart.Areas.Admin.Controllers.HomeController.Index (ShopMart) in 697.55450000000008ms
2025-12-20 23:14:39.358 +07:00 [INF] Request finished in 761.0752ms 200 text/html; charset=utf-8
2025-12-20 23:14:39.358 +07:00 [INF] Request finished in 761.5668ms 200 text/html; charset=utf-8
2025-12-20 23:14:39.418 +07:00 [INF] Request starting HTTP/1.1 GET http://localhost:44336/lib/bootstrap-daterangepicker/daterangepicker.css  
2025-12-20 23:14:39.418 +07:00 [INF] Request starting HTTP/1.1 GET http://localhost:44336/admin-side/images/img.jpg  
2025-12-20 23:14:39.419 +07:00 [INF] The file /lib/bootstrap-daterangepicker/daterangepicker.css was not modified
2025-12-20 23:14:39.419 +07:00 [INF] Request finished in 0.6538ms 304 text/css
2025-12-20 23:14:39.419 +07:00 [INF] The file /admin-side/images/img.jpg was not modified
2025-12-20 23:14:39.419 +07:00 [INF] Request finished in 0.7608ms 304 image/jpeg
2025-12-20 23:14:39.518 +07:00 [INF] Request starting HTTP/1.1 GET http://localhost:44336/lib/bootstrap/dist/fonts/glyphicons-halflings-regular.woff2  
2025-12-20 23:14:39.519 +07:00 [INF] The file /lib/bootstrap/dist/fonts/glyphicons-halflings-regular.woff2 was not modified
2025-12-20 23:14:39.519 +07:00 [INF] Request finished in 0.7231ms 304 font/woff2
2025-12-20 23:14:39.524 +07:00 [INF] Request starting HTTP/1.1 GET http://localhost:44336/lib/Chart.js/dist/Chart.js  
2025-12-20 23:14:39.524 +07:00 [INF] Request starting HTTP/1.1 GET http://localhost:44336/lib/moment/moment.js  
2025-12-20 23:14:39.524 +07:00 [INF] The file /lib/moment/moment.js was not modified
2025-12-20 23:14:39.524 +07:00 [INF] Request starting HTTP/1.1 GET http://localhost:44336/lib/bootstrap/dist/js/bootstrap.js  
2025-12-20 23:14:39.525 +07:00 [INF] The file /lib/Chart.js/dist/Chart.js was not modified
2025-12-20 23:14:39.525 +07:00 [INF] Request starting HTTP/1.1 GET http://localhost:44336/lib/nprogress/nprogress.js  
2025-12-20 23:14:39.525 +07:00 [INF] Request finished in 0.6022ms 304 application/javascript
2025-12-20 23:14:39.525 +07:00 [INF] Request finished in 0.5141ms 304 application/javascript
2025-12-20 23:14:39.525 +07:00 [INF] The file /lib/nprogress/nprogress.js was not modified
2025-12-20 23:14:39.525 +07:00 [INF] The file /lib/bootstrap/dist/js/bootstrap.js was not modified
2025-12-20 23:14:39.525 +07:00 [INF] Request finished in 0.3086ms 304 application/javascript
2025-12-20 23:14:39.525 +07:00 [INF] Request finished in 0.8694ms 304 application/javascript
2025-12-20 23:14:39.526 +07:00 [INF] Request starting HTTP/1.1 GET http://localhost:44336/admin-side/js/custom.js  
2025-12-20 23:14:39.526 +07:00 [INF] Request starting HTTP/1.1 GET http://localhost:44336/lib/fastclick/lib/fastclick.js  
2025-12-20 23:14:39.526 +07:00 [INF] The file /lib/fastclick/lib/fastclick.js was not modified
2025-12-20 23:14:39.526 +07:00 [INF] Request finished in 0.411ms 304 application/javascript
2025-12-20 23:14:39.526 +07:00 [INF] The file /admin-side/js/custom.js was not modified
2025-12-20 23:14:39.527 +07:00 [INF] Request finished in 0.7579ms 304 application/javascript
2025-12-20 23:14:39.632 +07:00 [INF] Request starting HTTP/1.1 GET http://localhost:44336/lib/bootbox/bootbox.js  
2025-12-20 23:14:39.632 +07:00 [INF] Request starting HTTP/1.1 GET http://localhost:44336/lib/bootstrap-daterangepicker/daterangepicker.js  
2025-12-20 23:14:39.632 +07:00 [INF] Request starting HTTP/1.1 GET http://localhost:44336/lib/jquery-sparkline/dist/jquery.sparkline.js  
2025-12-20 23:14:39.633 +07:00 [INF] The file /lib/bootstrap-daterangepicker/daterangepicker.js was not modified
2025-12-20 23:14:39.633 +07:00 [INF] The file /lib/bootbox/bootbox.js was not modified
2025-12-20 23:14:39.633 +07:00 [INF] Request finished in 1.2101ms 304 application/javascript
2025-12-20 23:14:39.633 +07:00 [INF] Request finished in 109.3245ms 304 application/javascript
2025-12-20 23:14:39.635 +07:00 [INF] The file /lib/jquery-sparkline/dist/jquery.sparkline.js was not modified
2025-12-20 23:14:39.698 +07:00 [INF] Request finished in 65.2815ms 304 application/javascript
2025-12-20 23:14:47.713 +07:00 [INF] Request starting HTTP/1.1 GET http://localhost:44336/Admin/Home/login.html  
2025-12-20 23:14:47.714 +07:00 [INF] AuthenticationScheme: Identity.Application was successfully authenticated.
2025-12-20 23:14:47.714 +07:00 [INF] Request finished in 1.8075ms 404 
